# Logfile created on 2014-05-17 20:17:34 +0300 by logger.rb/44203
I, [2014-05-17T20:17:34.205866 #3902]  INFO -- : 0:  eventmachine (1.0.3) from /home/alexey/.rvm/gems/ruby-2.1.0/specifications/eventmachine-1.0.3.gemspec
I, [2014-05-17T20:17:34.206480 #3902]  INFO -- : 0:  http_parser.rb (0.6.0) from /home/alexey/.rvm/gems/ruby-2.1.0/specifications/http_parser.rb-0.6.0.gemspec
I, [2014-05-17T20:17:34.206850 #3902]  INFO -- : 0:  em-websocket (0.5.1) from /home/alexey/.rvm/gems/ruby-2.1.0/specifications/em-websocket-0.5.1.gemspec
I, [2014-05-17T20:17:34.207195 #3902]  INFO -- : 0:  bundler (1.5.1) from /home/alexey/.rvm/gems/ruby-2.1.0@global/specifications/bundler-1.5.1.gemspec
I, [2014-05-17T20:18:52.154164 #3956]  INFO -- : 0:  eventmachine (1.0.3) from /home/alexey/.rvm/gems/ruby-2.1.0/specifications/eventmachine-1.0.3.gemspec
I, [2014-05-17T20:18:52.154930 #3956]  INFO -- : 0:  http_parser.rb (0.6.0) from /home/alexey/.rvm/gems/ruby-2.1.0/specifications/http_parser.rb-0.6.0.gemspec
I, [2014-05-17T20:18:52.369585 #3956]  INFO -- : 0:  em-websocket (0.5.1) from /home/alexey/.rvm/gems/ruby-2.1.0/bundler/gems/em-websocket-8d899d1def2c/em-websocket.gemspec
I, [2014-05-17T20:18:52.370633 #3956]  INFO -- : 0:  bundler (1.5.1) from /home/alexey/.rvm/gems/ruby-2.1.0@global/specifications/bundler-1.5.1.gemspec
I, [2014-05-21T19:50:15.072586 #7851]  INFO -- : 0:  hiredis (0.4.5) from /home/alexey/.rvm/gems/ruby-2.1.0/specifications/hiredis-0.4.5.gemspec
I, [2014-05-21T19:50:24.049635 #7851]  INFO -- : 0:  em-hiredis (0.2.1) from /home/alexey/.rvm/gems/ruby-2.1.0/specifications/em-hiredis-0.2.1.gemspec
I, [2014-05-21T19:50:24.050825 #7851]  INFO -- : 0:  eventmachine (1.0.3) from /home/alexey/.rvm/gems/ruby-2.1.0/specifications/eventmachine-1.0.3.gemspec
I, [2014-05-21T19:50:24.051727 #7851]  INFO -- : 0:  http_parser.rb (0.6.0) from /home/alexey/.rvm/gems/ruby-2.1.0/specifications/http_parser.rb-0.6.0.gemspec
I, [2014-05-21T19:50:24.168505 #7851]  INFO -- : 0:  em-websocket (0.5.1) from /home/alexey/.rvm/gems/ruby-2.1.0/bundler/gems/em-websocket-8d899d1def2c/em-websocket.gemspec
I, [2014-05-21T19:50:24.169422 #7851]  INFO -- : 0:  bundler (1.5.1) from /home/alexey/.rvm/gems/ruby-2.1.0@global/specifications/bundler-1.5.1.gemspec
I, [2014-05-22T01:43:25.737587 #13426]  INFO -- : 0:  daemons (1.1.9) from /home/alexey/.rvm/gems/ruby-2.1.0/specifications/daemons-1.1.9.gemspec
I, [2014-05-22T01:43:25.751868 #13426]  INFO -- : 0:  hiredis (0.4.5) from /home/alexey/.rvm/gems/ruby-2.1.0/specifications/hiredis-0.4.5.gemspec
I, [2014-05-22T01:43:25.752295 #13426]  INFO -- : 0:  em-hiredis (0.2.1) from /home/alexey/.rvm/gems/ruby-2.1.0/specifications/em-hiredis-0.2.1.gemspec
I, [2014-05-22T01:43:25.752633 #13426]  INFO -- : 0:  eventmachine (1.0.3) from /home/alexey/.rvm/gems/ruby-2.1.0/specifications/eventmachine-1.0.3.gemspec
I, [2014-05-22T01:43:25.752969 #13426]  INFO -- : 0:  http_parser.rb (0.6.0) from /home/alexey/.rvm/gems/ruby-2.1.0/specifications/http_parser.rb-0.6.0.gemspec
I, [2014-05-22T01:43:26.017411 #13426]  INFO -- : 0:  em-websocket (0.5.1) from /home/alexey/.rvm/gems/ruby-2.1.0/bundler/gems/em-websocket-8d899d1def2c/em-websocket.gemspec
I, [2014-05-22T01:43:26.017927 #13426]  INFO -- : 0:  rack (1.5.2) from /home/alexey/.rvm/gems/ruby-2.1.0/specifications/rack-1.5.2.gemspec
I, [2014-05-22T01:43:43.705702 #13426]  INFO -- : 0:  rack-protection (1.5.3) from /home/alexey/.rvm/gems/ruby-2.1.0/specifications/rack-protection-1.5.3.gemspec
I, [2014-05-22T01:43:43.707031 #13426]  INFO -- : 0:  tilt (1.4.1) from /home/alexey/.rvm/gems/ruby-2.1.0/specifications/tilt-1.4.1.gemspec
I, [2014-05-22T01:44:02.500660 #13426]  INFO -- : 0:  sinatra (1.4.5) from /home/alexey/.rvm/gems/ruby-2.1.0/specifications/sinatra-1.4.5.gemspec
I, [2014-05-22T01:44:25.590385 #13426]  INFO -- : 0:  thin (1.6.2) from /home/alexey/.rvm/gems/ruby-2.1.0/specifications/thin-1.6.2.gemspec
I, [2014-05-22T01:44:25.591078 #13426]  INFO -- : 0:  bundler (1.5.1) from /home/alexey/.rvm/gems/ruby-2.1.0@global/specifications/bundler-1.5.1.gemspec
I, [2014-05-22T01:46:03.349591 #13543]  INFO -- : 0:  daemons (1.1.9) from /home/alexey/.rvm/gems/ruby-2.1.0/specifications/daemons-1.1.9.gemspec
I, [2014-05-22T01:46:03.350177 #13543]  INFO -- : 0:  hiredis (0.4.5) from /home/alexey/.rvm/gems/ruby-2.1.0/specifications/hiredis-0.4.5.gemspec
I, [2014-05-22T01:46:03.350527 #13543]  INFO -- : 0:  em-hiredis (0.2.1) from /home/alexey/.rvm/gems/ruby-2.1.0/specifications/em-hiredis-0.2.1.gemspec
I, [2014-05-22T01:46:03.350889 #13543]  INFO -- : 0:  eventmachine (1.0.3) from /home/alexey/.rvm/gems/ruby-2.1.0/specifications/eventmachine-1.0.3.gemspec
I, [2014-05-22T01:46:03.351203 #13543]  INFO -- : 0:  http_parser.rb (0.6.0) from /home/alexey/.rvm/gems/ruby-2.1.0/specifications/http_parser.rb-0.6.0.gemspec
I, [2014-05-22T01:46:03.422877 #13543]  INFO -- : 0:  em-websocket (0.5.1) from /home/alexey/.rvm/gems/ruby-2.1.0/bundler/gems/em-websocket-8d899d1def2c/em-websocket.gemspec
I, [2014-05-22T01:46:03.423383 #13543]  INFO -- : 0:  rack (1.5.2) from /home/alexey/.rvm/gems/ruby-2.1.0/specifications/rack-1.5.2.gemspec
I, [2014-05-22T01:46:03.423725 #13543]  INFO -- : 0:  rack-protection (1.5.3) from /home/alexey/.rvm/gems/ruby-2.1.0/specifications/rack-protection-1.5.3.gemspec
I, [2014-05-22T01:46:03.424057 #13543]  INFO -- : 0:  tilt (1.4.1) from /home/alexey/.rvm/gems/ruby-2.1.0/specifications/tilt-1.4.1.gemspec
I, [2014-05-22T01:46:03.424400 #13543]  INFO -- : 0:  sinatra (1.4.5) from /home/alexey/.rvm/gems/ruby-2.1.0/specifications/sinatra-1.4.5.gemspec
I, [2014-05-22T01:46:03.424734 #13543]  INFO -- : 0:  thin (1.6.2) from /home/alexey/.rvm/gems/ruby-2.1.0/specifications/thin-1.6.2.gemspec
I, [2014-05-22T01:46:03.425058 #13543]  INFO -- : 0:  bundler (1.5.1) from /home/alexey/.rvm/gems/ruby-2.1.0@global/specifications/bundler-1.5.1.gemspec
I, [2014-05-22T19:13:59.344152 #17661]  INFO -- : 0:  rack (1.5.2) from /home/alexey/.rvm/gems/ruby-2.1.0/specifications/rack-1.5.2.gemspec
I, [2014-05-22T19:13:59.374022 #17661]  INFO -- : 0:  rack-protection (1.5.3) from /home/alexey/.rvm/gems/ruby-2.1.0/specifications/rack-protection-1.5.3.gemspec
I, [2014-05-22T19:13:59.374496 #17661]  INFO -- : 0:  tilt (1.4.1) from /home/alexey/.rvm/gems/ruby-2.1.0/specifications/tilt-1.4.1.gemspec
I, [2014-05-22T19:13:59.374932 #17661]  INFO -- : 0:  sinatra (1.4.5) from /home/alexey/.rvm/gems/ruby-2.1.0/specifications/sinatra-1.4.5.gemspec
I, [2014-05-22T19:14:04.311618 #17661]  INFO -- : 0:  async_sinatra (1.1.0) from /home/alexey/.rvm/gems/ruby-2.1.0/specifications/async_sinatra-1.1.0.gemspec
I, [2014-05-22T19:14:04.312730 #17661]  INFO -- : 0:  daemons (1.1.9) from /home/alexey/.rvm/gems/ruby-2.1.0/specifications/daemons-1.1.9.gemspec
I, [2014-05-22T19:14:04.313706 #17661]  INFO -- : 0:  hiredis (0.4.5) from /home/alexey/.rvm/gems/ruby-2.1.0/specifications/hiredis-0.4.5.gemspec
I, [2014-05-22T19:14:04.314553 #17661]  INFO -- : 0:  em-hiredis (0.2.1) from /home/alexey/.rvm/gems/ruby-2.1.0/specifications/em-hiredis-0.2.1.gemspec
I, [2014-05-22T19:14:04.315338 #17661]  INFO -- : 0:  eventmachine (1.0.3) from /home/alexey/.rvm/gems/ruby-2.1.0/specifications/eventmachine-1.0.3.gemspec
I, [2014-05-22T19:14:04.316172 #17661]  INFO -- : 0:  http_parser.rb (0.6.0) from /home/alexey/.rvm/gems/ruby-2.1.0/specifications/http_parser.rb-0.6.0.gemspec
I, [2014-05-22T19:14:04.576029 #17661]  INFO -- : 0:  em-websocket (0.5.1) from /home/alexey/.rvm/gems/ruby-2.1.0/bundler/gems/em-websocket-8d899d1def2c/em-websocket.gemspec
I, [2014-05-22T19:14:04.576616 #17661]  INFO -- : 0:  thin (1.6.2) from /home/alexey/.rvm/gems/ruby-2.1.0/specifications/thin-1.6.2.gemspec
I, [2014-05-22T19:14:04.577002 #17661]  INFO -- : 0:  bundler (1.5.1) from /home/alexey/.rvm/gems/ruby-2.1.0@global/specifications/bundler-1.5.1.gemspec
I, [2014-05-23T21:24:00.318918 #9324]  INFO -- : 0:  i18n (0.6.9) from /home/alexey/.rvm/gems/ruby-2.1.0/specifications/i18n-0.6.9.gemspec
I, [2014-05-23T21:24:00.401438 #9324]  INFO -- : 0:  minitest (4.7.5) from /home/alexey/.rvm/rubies/ruby-2.1.0/lib/ruby/gems/2.1.0/specifications/default/minitest-4.7.5.gemspec
I, [2014-05-23T21:24:00.402444 #9324]  INFO -- : 0:  multi_json (1.9.2) from /home/alexey/.rvm/gems/ruby-2.1.0/specifications/multi_json-1.9.2.gemspec
I, [2014-05-23T21:24:00.403429 #9324]  INFO -- : 0:  thread_safe (0.3.3) from /home/alexey/.rvm/gems/ruby-2.1.0/specifications/thread_safe-0.3.3.gemspec
I, [2014-05-23T21:24:00.404370 #9324]  INFO -- : 0:  tzinfo (0.3.39) from /home/alexey/.rvm/gems/ruby-2.1.0/specifications/tzinfo-0.3.39.gemspec
I, [2014-05-23T21:24:00.405345 #9324]  INFO -- : 0:  activesupport (4.0.2) from /home/alexey/.rvm/gems/ruby-2.1.0/specifications/activesupport-4.0.2.gemspec
I, [2014-05-23T21:24:00.406262 #9324]  INFO -- : 0:  rack (1.5.2) from /home/alexey/.rvm/gems/ruby-2.1.0/specifications/rack-1.5.2.gemspec
I, [2014-05-23T21:24:00.407131 #9324]  INFO -- : 0:  rack-protection (1.5.3) from /home/alexey/.rvm/gems/ruby-2.1.0/specifications/rack-protection-1.5.3.gemspec
I, [2014-05-23T21:24:00.408029 #9324]  INFO -- : 0:  tilt (1.4.1) from /home/alexey/.rvm/gems/ruby-2.1.0/specifications/tilt-1.4.1.gemspec
I, [2014-05-23T21:24:00.408936 #9324]  INFO -- : 0:  sinatra (1.4.5) from /home/alexey/.rvm/gems/ruby-2.1.0/specifications/sinatra-1.4.5.gemspec
I, [2014-05-23T21:24:00.409937 #9324]  INFO -- : 0:  async_sinatra (1.1.0) from /home/alexey/.rvm/gems/ruby-2.1.0/specifications/async_sinatra-1.1.0.gemspec
I, [2014-05-23T21:24:00.410859 #9324]  INFO -- : 0:  daemons (1.1.9) from /home/alexey/.rvm/gems/ruby-2.1.0/specifications/daemons-1.1.9.gemspec
I, [2014-05-23T21:24:00.411762 #9324]  INFO -- : 0:  hiredis (0.4.5) from /home/alexey/.rvm/gems/ruby-2.1.0/specifications/hiredis-0.4.5.gemspec
I, [2014-05-23T21:24:00.412672 #9324]  INFO -- : 0:  em-hiredis (0.2.1) from /home/alexey/.rvm/gems/ruby-2.1.0/specifications/em-hiredis-0.2.1.gemspec
I, [2014-05-23T21:24:00.413453 #9324]  INFO -- : 0:  eventmachine (1.0.3) from /home/alexey/.rvm/gems/ruby-2.1.0/specifications/eventmachine-1.0.3.gemspec
I, [2014-05-23T21:24:00.413825 #9324]  INFO -- : 0:  http_parser.rb (0.6.0) from /home/alexey/.rvm/gems/ruby-2.1.0/specifications/http_parser.rb-0.6.0.gemspec
I, [2014-05-23T21:24:00.767219 #9324]  INFO -- : 0:  em-websocket (0.5.1) from /home/alexey/.rvm/gems/ruby-2.1.0/bundler/gems/em-websocket-8d899d1def2c/em-websocket.gemspec
I, [2014-05-23T21:24:00.768270 #9324]  INFO -- : 0:  thin (1.6.2) from /home/alexey/.rvm/gems/ruby-2.1.0/specifications/thin-1.6.2.gemspec
I, [2014-05-23T21:24:00.769074 #9324]  INFO -- : 0:  bundler (1.5.1) from /home/alexey/.rvm/gems/ruby-2.1.0@global/specifications/bundler-1.5.1.gemspec
I, [2014-05-24T22:20:20.374783 #30283]  INFO -- : 0:  i18n (0.6.9) from /home/alexey/.rvm/gems/ruby-2.1.0/specifications/i18n-0.6.9.gemspec
I, [2014-05-24T22:20:20.413773 #30283]  INFO -- : 0:  minitest (4.7.5) from /home/alexey/.rvm/rubies/ruby-2.1.0/lib/ruby/gems/2.1.0/specifications/default/minitest-4.7.5.gemspec
I, [2014-05-24T22:20:20.414645 #30283]  INFO -- : 0:  multi_json (1.9.2) from /home/alexey/.rvm/gems/ruby-2.1.0/specifications/multi_json-1.9.2.gemspec
I, [2014-05-24T22:20:20.415501 #30283]  INFO -- : 0:  thread_safe (0.3.3) from /home/alexey/.rvm/gems/ruby-2.1.0/specifications/thread_safe-0.3.3.gemspec
I, [2014-05-24T22:20:20.416431 #30283]  INFO -- : 0:  tzinfo (0.3.39) from /home/alexey/.rvm/gems/ruby-2.1.0/specifications/tzinfo-0.3.39.gemspec
I, [2014-05-24T22:20:20.417244 #30283]  INFO -- : 0:  activesupport (4.0.2) from /home/alexey/.rvm/gems/ruby-2.1.0/specifications/activesupport-4.0.2.gemspec
I, [2014-05-24T22:20:20.418043 #30283]  INFO -- : 0:  rack (1.5.2) from /home/alexey/.rvm/gems/ruby-2.1.0/specifications/rack-1.5.2.gemspec
I, [2014-05-24T22:20:20.418871 #30283]  INFO -- : 0:  rack-protection (1.5.3) from /home/alexey/.rvm/gems/ruby-2.1.0/specifications/rack-protection-1.5.3.gemspec
I, [2014-05-24T22:20:20.419706 #30283]  INFO -- : 0:  tilt (1.4.1) from /home/alexey/.rvm/gems/ruby-2.1.0/specifications/tilt-1.4.1.gemspec
I, [2014-05-24T22:20:20.420565 #30283]  INFO -- : 0:  sinatra (1.4.5) from /home/alexey/.rvm/gems/ruby-2.1.0/specifications/sinatra-1.4.5.gemspec
I, [2014-05-24T22:20:20.421449 #30283]  INFO -- : 0:  async_sinatra (1.1.0) from /home/alexey/.rvm/gems/ruby-2.1.0/specifications/async_sinatra-1.1.0.gemspec
I, [2014-05-24T22:20:20.422471 #30283]  INFO -- : 0:  daemons (1.1.9) from /home/alexey/.rvm/gems/ruby-2.1.0/specifications/daemons-1.1.9.gemspec
I, [2014-05-24T22:20:20.423648 #30283]  INFO -- : 0:  hiredis (0.4.5) from /home/alexey/.rvm/gems/ruby-2.1.0/specifications/hiredis-0.4.5.gemspec
I, [2014-05-24T22:20:20.424543 #30283]  INFO -- : 0:  em-hiredis (0.2.1) from /home/alexey/.rvm/gems/ruby-2.1.0/specifications/em-hiredis-0.2.1.gemspec
I, [2014-05-24T22:20:20.425363 #30283]  INFO -- : 0:  eventmachine (1.0.3) from /home/alexey/.rvm/gems/ruby-2.1.0/specifications/eventmachine-1.0.3.gemspec
I, [2014-05-24T22:20:20.426186 #30283]  INFO -- : 0:  http_parser.rb (0.6.0) from /home/alexey/.rvm/gems/ruby-2.1.0/specifications/http_parser.rb-0.6.0.gemspec
I, [2014-05-24T22:20:21.046129 #30283]  INFO -- : 0:  em-websocket (0.5.1) from /home/alexey/.rvm/gems/ruby-2.1.0/bundler/gems/em-websocket-8d899d1def2c/em-websocket.gemspec
I, [2014-05-24T22:20:21.047188 #30283]  INFO -- : 0:  thin (1.6.2) from /home/alexey/.rvm/gems/ruby-2.1.0/specifications/thin-1.6.2.gemspec
I, [2014-05-24T22:20:21.047974 #30283]  INFO -- : 0:  bundler (1.5.1) from /home/alexey/.rvm/gems/ruby-2.1.0@global/specifications/bundler-1.5.1.gemspec
I, [2014-05-24T22:20:54.795052 #30351]  INFO -- : 0:  i18n (0.6.9) from /home/alexey/.rvm/gems/ruby-2.1.0/specifications/i18n-0.6.9.gemspec
I, [2014-05-24T22:20:54.795579 #30351]  INFO -- : 0:  minitest (4.7.5) from /home/alexey/.rvm/rubies/ruby-2.1.0/lib/ruby/gems/2.1.0/specifications/default/minitest-4.7.5.gemspec
I, [2014-05-24T22:20:54.795943 #30351]  INFO -- : 0:  multi_json (1.9.2) from /home/alexey/.rvm/gems/ruby-2.1.0/specifications/multi_json-1.9.2.gemspec
I, [2014-05-24T22:20:54.796320 #30351]  INFO -- : 0:  thread_safe (0.3.3) from /home/alexey/.rvm/gems/ruby-2.1.0/specifications/thread_safe-0.3.3.gemspec
I, [2014-05-24T22:20:54.796674 #30351]  INFO -- : 0:  tzinfo (0.3.39) from /home/alexey/.rvm/gems/ruby-2.1.0/specifications/tzinfo-0.3.39.gemspec
I, [2014-05-24T22:20:54.797025 #30351]  INFO -- : 0:  activesupport (4.0.2) from /home/alexey/.rvm/gems/ruby-2.1.0/specifications/activesupport-4.0.2.gemspec
I, [2014-05-24T22:20:54.797389 #30351]  INFO -- : 0:  rack (1.5.2) from /home/alexey/.rvm/gems/ruby-2.1.0/specifications/rack-1.5.2.gemspec
I, [2014-05-24T22:20:54.797725 #30351]  INFO -- : 0:  rack-protection (1.5.3) from /home/alexey/.rvm/gems/ruby-2.1.0/specifications/rack-protection-1.5.3.gemspec
I, [2014-05-24T22:20:54.798074 #30351]  INFO -- : 0:  tilt (1.4.1) from /home/alexey/.rvm/gems/ruby-2.1.0/specifications/tilt-1.4.1.gemspec
I, [2014-05-24T22:20:54.798393 #30351]  INFO -- : 0:  sinatra (1.4.5) from /home/alexey/.rvm/gems/ruby-2.1.0/specifications/sinatra-1.4.5.gemspec
I, [2014-05-24T22:20:54.798725 #30351]  INFO -- : 0:  async_sinatra (1.1.0) from /home/alexey/.rvm/gems/ruby-2.1.0/specifications/async_sinatra-1.1.0.gemspec
I, [2014-05-24T22:20:54.799061 #30351]  INFO -- : 0:  daemons (1.1.9) from /home/alexey/.rvm/gems/ruby-2.1.0/specifications/daemons-1.1.9.gemspec
I, [2014-05-24T22:20:54.799406 #30351]  INFO -- : 0:  hiredis (0.4.5) from /home/alexey/.rvm/gems/ruby-2.1.0/specifications/hiredis-0.4.5.gemspec
I, [2014-05-24T22:20:54.799756 #30351]  INFO -- : 0:  em-hiredis (0.2.1) from /home/alexey/.rvm/gems/ruby-2.1.0/specifications/em-hiredis-0.2.1.gemspec
I, [2014-05-24T22:20:54.800106 #30351]  INFO -- : 0:  eventmachine (1.0.3) from /home/alexey/.rvm/gems/ruby-2.1.0/specifications/eventmachine-1.0.3.gemspec
I, [2014-05-24T22:20:54.800446 #30351]  INFO -- : 0:  http_parser.rb (0.6.0) from /home/alexey/.rvm/gems/ruby-2.1.0/specifications/http_parser.rb-0.6.0.gemspec
I, [2014-05-24T22:20:54.872803 #30351]  INFO -- : 0:  em-websocket (0.5.1) from /home/alexey/.rvm/gems/ruby-2.1.0/bundler/gems/em-websocket-8d899d1def2c/em-websocket.gemspec
I, [2014-05-24T22:20:54.873311 #30351]  INFO -- : 0:  thin (1.6.2) from /home/alexey/.rvm/gems/ruby-2.1.0/specifications/thin-1.6.2.gemspec
I, [2014-05-24T22:20:54.873680 #30351]  INFO -- : 0:  bundler (1.5.1) from /home/alexey/.rvm/gems/ruby-2.1.0@global/specifications/bundler-1.5.1.gemspec
